Build started 1/30/2015 3:11:43 PM.
     1>Project "C:\Users\Admin\boolzhu\TA\cs248\cs248_2015winter\RigidBodyPlugin\RigidBodyPlugin\RigidBodyPlugin.vcxproj" on node 2 (build target(s)).
     1>InitializeBuildStatus:
         Creating "Release\RigidBodyPlugin.unsuccessfulbuild" because "AlwaysCreate" was specified.
       ClCompile:
         C:\Program Files (x86)\Microsoft Visual Studio 10.0\VC\bin\CL.exe /c /Zi /nologo /W3 /WX- /O2 /Oi /Oy- /GL /D WIN32 /D NDEBUG /D _WINDOWS /D _USRDLL /D RIGIDBODYPLUGIN_EXPORTS /D _WINDLL /D _UNICODE /D UNICODE /Gm- /EHsc /MD /GS /Gy /fp:precise /Zc:wchar_t /Zc:forScope /Fo"Release\\" /Fd"Release\vc100.pdb" /Gd /TP /analyze- /errorReport:prompt cs248_simulation_rigid_body.cpp matvec.cpp rigid_body.cpp
         cs248_simulation_rigid_body.cpp
     1>cs248_simulation_rigid_body.cpp(31): warning C4244: '=' : conversion from 'double' to 'float', possible loss of data
     1>cs248_simulation_rigid_body.cpp(32): warning C4244: '=' : conversion from 'double' to 'float', possible loss of data
     1>cs248_simulation_rigid_body.cpp(33): warning C4244: '=' : conversion from 'double' to 'float', possible loss of data
     1>cs248_simulation_rigid_body.cpp(34): warning C4244: '=' : conversion from 'double' to 'float', possible loss of data
     1>cs248_simulation_rigid_body.cpp(35): warning C4244: '=' : conversion from 'double' to 'float', possible loss of data
     1>cs248_simulation_rigid_body.cpp(36): warning C4244: '=' : conversion from 'double' to 'float', possible loss of data
     1>cs248_simulation_rigid_body.cpp(37): warning C4244: '=' : conversion from 'double' to 'float', possible loss of data
         matvec.cpp
     1>matvec.cpp(603): warning C4244: '=' : conversion from 'double' to 'float', possible loss of data
     1>matvec.cpp(841): warning C4244: '=' : conversion from 'double' to 'float', possible loss of data
         rigid_body.cpp
     1>rigid_body.cpp(12): warning C4244: 'initializing' : conversion from 'double' to 'float', possible loss of data
     1>rigid_body.cpp(60): warning C4244: '=' : conversion from 'double' to 'float', possible loss of data
       Link:
         C:\Program Files (x86)\Microsoft Visual Studio 10.0\VC\bin\link.exe /ERRORREPORT:PROMPT /OUT:"C:\Users\Admin\boolzhu\TA\cs248\cs248_2015winter\RigidBodyPlugin\Release\RigidBodyPlugin.dll" /INCREMENTAL:NO /NOLOGO kernel32.lib user32.lib gdi32.lib winspool.lib comdlg32.lib advapi32.lib shell32.lib ole32.lib oleaut32.lib uuid.lib odbc32.lib odbccp32.lib /MANIFEST /ManifestFile:"Release\RigidBodyPlugin.dll.intermediate.manifest" /MANIFESTUAC:"level='asInvoker' uiAccess='false'" /DEBUG /PDB:"C:\Users\Admin\boolzhu\TA\cs248\cs248_2015winter\RigidBodyPlugin\Release\RigidBodyPlugin.pdb" /SUBSYSTEM:WINDOWS /OPT:REF /OPT:ICF /LTCG /TLBID:1 /DYNAMICBASE /NXCOMPAT /IMPLIB:"C:\Users\Admin\boolzhu\TA\cs248\cs248_2015winter\RigidBodyPlugin\Release\RigidBodyPlugin.lib" /MACHINE:X86 /DLL Release\cs248_simulation_rigid_body.obj
         Release\matvec.obj
         Release\rigid_body.obj
            Creating library C:\Users\Admin\boolzhu\TA\cs248\cs248_2015winter\RigidBodyPlugin\Release\RigidBodyPlugin.lib and object C:\Users\Admin\boolzhu\TA\cs248\cs248_2015winter\RigidBodyPlugin\Release\RigidBodyPlugin.exp
         Generating code
         Finished generating code
         RigidBodyPlugin.vcxproj -> C:\Users\Admin\boolzhu\TA\cs248\cs248_2015winter\RigidBodyPlugin\Release\RigidBodyPlugin.dll
       Manifest:
         C:\Program Files (x86)\Microsoft SDKs\Windows\v7.0A\bin\mt.exe /nologo /verbose /outputresource:"C:\Users\Admin\boolzhu\TA\cs248\cs248_2015winter\RigidBodyPlugin\Release\RigidBodyPlugin.dll;#2" /manifest Release\RigidBodyPlugin.dll.intermediate.manifest
       FinalizeBuildStatus:
         Deleting file "Release\RigidBodyPlugin.unsuccessfulbuild".
         Touching "Release\RigidBodyPlugin.lastbuildstate".
     1>Done Building Project "C:\Users\Admin\boolzhu\TA\cs248\cs248_2015winter\RigidBodyPlugin\RigidBodyPlugin\RigidBodyPlugin.vcxproj" (build target(s)).

Build succeeded.

Time Elapsed 00:00:01.25
