c:\users\admin\boolzhu\ta\cs248\cs248_2015winter\particleplugin\particleplugin\release\particle_movement.obj
c:\users\admin\boolzhu\ta\cs248\cs248_2015winter\particleplugin\particleplugin\release\vc100.pdb
c:\users\admin\boolzhu\ta\cs248\cs248_2015winter\particleplugin\release\particleplugin.dll
c:\users\admin\boolzhu\ta\cs248\cs248_2015winter\particleplugin\particleplugin\release\particleplugin.dll.intermediate.manifest
c:\users\admin\boolzhu\ta\cs248\cs248_2015winter\particleplugin\release\particleplugin.pdb
c:\users\admin\boolzhu\ta\cs248\cs248_2015winter\particleplugin\release\particleplugin.lib
c:\users\admin\boolzhu\ta\cs248\cs248_2015winter\particleplugin\release\particleplugin.exp
c:\projects\unity-flyer\assignment3\vsparticleplugin\particleplugin\release\vc120.pdb
c:\projects\unity-flyer\assignment3\vsparticleplugin\particleplugin\release\particle_movement.obj
c:\projects\unity-flyer\assignment3\vsparticleplugin\particleplugin\release\cl.command.1.tlog
c:\projects\unity-flyer\assignment3\vsparticleplugin\particleplugin\release\cl.read.1.tlog
c:\projects\unity-flyer\assignment3\vsparticleplugin\particleplugin\release\cl.write.1.tlog
c:\projects\unity-flyer\assignment3\vsparticleplugin\particleplugin\release\link.command.1.tlog
c:\projects\unity-flyer\assignment3\vsparticleplugin\particleplugin\release\link.read.1.tlog
c:\projects\unity-flyer\assignment3\vsparticleplugin\particleplugin\release\link.write.1.tlog
c:\projects\unity-flyer\assignment3\vsparticleplugin\particleplugin\release\mt.command.1.tlog
c:\projects\unity-flyer\assignment3\vsparticleplugin\particleplugin\release\mt.read.1.tlog
c:\projects\unity-flyer\assignment3\vsparticleplugin\particleplugin\release\mt.write.1.tlog
c:\projects\unity-flyer\assignment3\vsparticleplugin\particleplugin\release\particleplugin.write.1.tlog
c:\projects\unity-flyer\assignment3\vsparticleplugin\particleplugin\release\particleplugin.dll.intermediate.manifest
c:\projects\unity-flyer\assignment3\vsparticleplugin\particleplugin\release\vc100.pdb
c:\projects\unity-flyer\assignment3\vsparticleplugin\release\particleplugin.pdb
c:\projects\unity-flyer\assignment3\vsparticleplugin\particleplugin\release\particleplugin.tlog\cl.command.1.tlog
c:\projects\unity-flyer\assignment3\vsparticleplugin\particleplugin\release\particleplugin.tlog\cl.read.1.tlog
c:\projects\unity-flyer\assignment3\vsparticleplugin\particleplugin\release\particleplugin.tlog\cl.write.1.tlog
c:\projects\unity-flyer\assignment3\vsparticleplugin\particleplugin\release\particleplugin.tlog\link-cvtres.read.1.tlog
c:\projects\unity-flyer\assignment3\vsparticleplugin\particleplugin\release\particleplugin.tlog\link-cvtres.write.1.tlog
c:\projects\unity-flyer\assignment3\vsparticleplugin\particleplugin\release\particleplugin.tlog\link-rc.read.1.tlog
c:\projects\unity-flyer\assignment3\vsparticleplugin\particleplugin\release\particleplugin.tlog\link-rc.write.1.tlog
c:\projects\unity-flyer\assignment3\vsparticleplugin\particleplugin\release\particleplugin.tlog\link.command.1.tlog
c:\projects\unity-flyer\assignment3\vsparticleplugin\particleplugin\release\particleplugin.tlog\link.read.1.tlog
c:\projects\unity-flyer\assignment3\vsparticleplugin\particleplugin\release\particleplugin.tlog\link.write.1.tlog
